d:\cocos2d-x-2.2.6\projects\protectwife\proj.win32\debug.win32\vc120.pdb
d:\cocos2d-x-2.2.6\projects\protectwife\proj.win32\debug.win32\vc120.idb
d:\cocos2d-x-2.2.6\projects\protectwife\proj.win32\debug.win32\ai.obj
d:\cocos2d-x-2.2.6\projects\protectwife\proj.win32\debug.win32\appdelegate.obj
d:\cocos2d-x-2.2.6\projects\protectwife\proj.win32\debug.win32\bigfire.obj
d:\cocos2d-x-2.2.6\projects\protectwife\proj.win32\debug.win32\bullet.obj
d:\cocos2d-x-2.2.6\projects\protectwife\proj.win32\debug.win32\gameabout.obj
d:\cocos2d-x-2.2.6\projects\protectwife\proj.win32\debug.win32\gamelayer.obj
d:\cocos2d-x-2.2.6\projects\protectwife\proj.win32\debug.win32\menulayer.obj
d:\cocos2d-x-2.2.6\projects\protectwife\proj.win32\debug.win32\music.obj
d:\cocos2d-x-2.2.6\projects\protectwife\proj.win32\debug.win32\panel.obj
d:\cocos2d-x-2.2.6\projects\protectwife\proj.win32\debug.win32\prop.obj
d:\cocos2d-x-2.2.6\projects\protectwife\proj.win32\debug.win32\quitdialog.obj
d:\cocos2d-x-2.2.6\projects\protectwife\proj.win32\debug.win32\startlayer.obj
d:\cocos2d-x-2.2.6\projects\protectwife\proj.win32\debug.win32\tank.obj
d:\cocos2d-x-2.2.6\projects\protectwife\proj.win32\debug.win32\main.obj
d:\cocos2d-x-2.2.6\projects\protectwife\proj.win32\debug.win32\protectwife.ilk
d:\cocos2d-x-2.2.6\projects\protectwife\proj.win32\debug.win32\protectwife.exe
d:\cocos2d-x-2.2.6\projects\protectwife\proj.win32\debug.win32\protectwife.pdb
d:\cocos2d-x-2.2.6\projects\protectwife\proj.win32\debug.win32\libextensions.ilk
d:\cocos2d-x-2.2.6\projects\protectwife\proj.win32\debug.win32\libcocos2d.exp
d:\cocos2d-x-2.2.6\projects\protectwife\proj.win32\debug.win32\libcocosdenshion.exp
d:\cocos2d-x-2.2.6\projects\protectwife\proj.win32\debug.win32\libextensions.exp
d:\cocos2d-x-2.2.6\projects\protectwife\proj.win32\debug.win32\libcocos2d.pdb
d:\cocos2d-x-2.2.6\projects\protectwife\proj.win32\debug.win32\libcocosdenshion.pdb
d:\cocos2d-x-2.2.6\projects\protectwife\proj.win32\debug.win32\libextensions.pdb
d:\cocos2d-x-2.2.6\projects\protectwife\proj.win32\debug.win32\userdefault.xml
d:\cocos2d-x-2.2.6\projects\protectwife\proj.win32\debug.win32\protectwife.tlog\cl.command.1.tlog
d:\cocos2d-x-2.2.6\projects\protectwife\proj.win32\debug.win32\protectwife.tlog\cl.read.1.tlog
d:\cocos2d-x-2.2.6\projects\protectwife\proj.win32\debug.win32\protectwife.tlog\cl.write.1.tlog
d:\cocos2d-x-2.2.6\projects\protectwife\proj.win32\debug.win32\protectwife.tlog\link.command.1.tlog
d:\cocos2d-x-2.2.6\projects\protectwife\proj.win32\debug.win32\protectwife.tlog\link.read.1.tlog
d:\cocos2d-x-2.2.6\projects\protectwife\proj.win32\debug.win32\protectwife.tlog\link.write.1.tlog
